<?xml version="1.0" encoding="UTF-8"?>
<testsuite xmlns:xsi="http://www.w3.org/2001/XMLSchema-instance" xsi:noNamespaceSchemaLocation="https://maven.apache.org/surefire/maven-surefire-plugin/xsd/surefire-test-report-3.0.xsd" version="3.0" name="Runners.RunnerLocadoraTest" time="0.953" tests="9" errors="0" skipped="0" failures="0">
  <properties>
[...]
</properties>
  <testcase name="Alugar filme com sucesso" classname="Alugar filmes" time="0.061">
    <system-out><![CDATA[Funcionalidade: Alugar filmes
Como um usuário
Eu quero cadastrar aluguéis de filmes para controlar preços e datas de entrega.

  Cenário: Alugar filme com sucesso         &amp#27;[90m# src/test/resources/Features/LocadoraFilmes.feature:6&amp#27;[0m
    &amp#27;[32mDado &amp#27;[0m&amp#27;[32mque há um filme&amp#27;[0m                    &amp#27;[90m# Locadora.que_há_um_filme(DataTable)&amp#27;[0m
    &amp#27;[32mQuando &amp#27;[0m&amp#27;[32malugar&amp#27;[0m                           &amp#27;[90m# Locadora.alugar()&amp#27;[0m
    &amp#27;[32mEntão &amp#27;[0m&amp#27;[32mo preço do aluguel será R$ &amp#27;[0m&amp#27;[32m&amp#27;[1m3&amp#27;[0m      &amp#27;[90m# Locadora.o_preço_do_aluguel_será_R$(int)&amp#27;[0m
    &amp#27;[32mE &amp#27;[0m&amp#27;[32ma data de entrega será em &amp#27;[0m&amp#27;[32m&amp#27;[1m1&amp#27;[0m&amp#27;[32m dia&amp#27;[0m       &amp#27;[90m# Locadora.a_data_de_entrega_será_em_dia(int)&amp#27;[0m
    &amp#27;[32mE &amp#27;[0m&amp#27;[32mo estoque do filme será de &amp#27;[0m&amp#27;[32m&amp#27;[1m1&amp#27;[0m&amp#27;[32m unidade.&amp#27;[0m &amp#27;[90m# Locadora.o_estoque_do_filme_será_de_unidade(int)&amp#27;[0m
]]></system-out>
  </testcase>
  <testcase name="não deve alugar um filme sem estoque" classname="Alugar filmes" time="0.017">
    <system-out><![CDATA[
  Cenário: não deve alugar um filme sem estoque    &amp#27;[90m# src/test/resources/Features/LocadoraFilmes.feature:18&amp#27;[0m
    &amp#27;[32mDado &amp#27;[0m&amp#27;[32mque há um filme com estoque de &amp#27;[0m&amp#27;[32m&amp#27;[1m0&amp#27;[0m&amp#27;[32m unidades&amp#27;[0m &amp#27;[90m# Locadora.que_há_um_filme_com_estoque_de_unidades(int)&amp#27;[0m
    &amp#27;[32mQuando &amp#27;[0m&amp#27;[32malugar&amp#27;[0m                                  &amp#27;[90m# Locadora.alugar()&amp#27;[0m
    &amp#27;[32mEntão &amp#27;[0m&amp#27;[32mnão será possivel&amp#27;[0m                        &amp#27;[90m# Locadora.nãoSeráPossivel()&amp#27;[0m
    &amp#27;[32mE &amp#27;[0m&amp#27;[32mo estoque do filme será de &amp#27;[0m&amp#27;[32m&amp#27;[1m0&amp#27;[0m&amp#27;[32m unidade.&amp#27;[0m        &amp#27;[90m# Locadora.o_estoque_do_filme_será_de_unidade(int)&amp#27;[0m
]]></system-out>
  </testcase>
  <testcase name="Condições para locar" classname="Alugar filmes" time="0.058">
    <system-out><![CDATA[
  Esquema do Cenário: Condições para locar &amp#27;[90m# src/test/resources/Features/LocadoraFilmes.feature:24&amp#27;[0m
    &amp#27;[36mDado que há um filme com estoque de 2 unidades&amp#27;[0m
    &amp#27;[36mE o valor do aluguel é R$ <preço>&amp#27;[0m
    &amp#27;[36mE que o tipo de aluguel seja <tipo>&amp#27;[0m
    &amp#27;[36mQuando alugar&amp#27;[0m
    &amp#27;[36mEntão o preço do aluguel será R$ <valor>&amp#27;[0m
    &amp#27;[36mE a data de entrega será em <qtDias> dia&amp#27;[0m
    &amp#27;[36mE a pontuação será de <pontuacao> pontos&amp#27;[0m

    Exemplos: 

  Esquema do Cenário: Condições para locar         &amp#27;[90m# src/test/resources/Features/LocadoraFilmes.feature:36&amp#27;[0m
    &amp#27;[32mDado &amp#27;[0m&amp#27;[32mque há um filme com estoque de &amp#27;[0m&amp#27;[32m&amp#27;[1m2&amp#27;[0m&amp#27;[32m unidades&amp#27;[0m &amp#27;[90m# Locadora.que_há_um_filme_com_estoque_de_unidades(int)&amp#27;[0m
    &amp#27;[32mE &amp#27;[0m&amp#27;[32mo valor do aluguel é R$ &amp#27;[0m&amp#27;[32m&amp#27;[1m4&amp#27;[0m                    &amp#27;[90m# Locadora.o_valor_do_aluguel_é_R$(int)&amp#27;[0m
    &amp#27;[32mE &amp#27;[0m&amp#27;[32mque o tipo de aluguel seja &amp#27;[0m&amp#27;[32m&amp#27;[1mestendido&amp#27;[0m         &amp#27;[90m# Locadora.que_o_tipo_de_aluguel_seja_estendido(String)&amp#27;[0m
    &amp#27;[32mQuando &amp#27;[0m&amp#27;[32malugar&amp#27;[0m                                  &amp#27;[90m# Locadora.alugar()&amp#27;[0m
    &amp#27;[32mEntão &amp#27;[0m&amp#27;[32mo preço do aluguel será R$ &amp#27;[0m&amp#27;[32m&amp#27;[1m8&amp#27;[0m             &amp#27;[90m# Locadora.o_preço_do_aluguel_será_R$(int)&amp#27;[0m
    &amp#27;[32mE &amp#27;[0m&amp#27;[32ma data de entrega será em &amp#27;[0m&amp#27;[32m&amp#27;[1m3&amp#27;[0m&amp#27;[32m dia&amp#27;[0m              &amp#27;[90m# Locadora.a_data_de_entrega_será_em_dia(int)&amp#27;[0m
    &amp#27;[32mE &amp#27;[0m&amp#27;[32ma pontuação será de &amp#27;[0m&amp#27;[32m&amp#27;[1m2&amp#27;[0m&amp#27;[32m pontos&amp#27;[0m                 &amp#27;[90m# Locadora.a_pontuação_será_de_pontos(int)&amp#27;[0m
]]></system-out>
  </testcase>
  <testcase name="Condições para locar" classname="Alugar filmes" time="0.021">
    <system-out><![CDATA[
  Esquema do Cenário: Condições para locar         &amp#27;[90m# src/test/resources/Features/LocadoraFilmes.feature:37&amp#27;[0m
    &amp#27;[32mDado &amp#27;[0m&amp#27;[32mque há um filme com estoque de &amp#27;[0m&amp#27;[32m&amp#27;[1m2&amp#27;[0m&amp#27;[32m unidades&amp#27;[0m &amp#27;[90m# Locadora.que_há_um_filme_com_estoque_de_unidades(int)&amp#27;[0m
    &amp#27;[32mE &amp#27;[0m&amp#27;[32mo valor do aluguel é R$ &amp#27;[0m&amp#27;[32m&amp#27;[1m4&amp#27;[0m                    &amp#27;[90m# Locadora.o_valor_do_aluguel_é_R$(int)&amp#27;[0m
    &amp#27;[32mE &amp#27;[0m&amp#27;[32mque o tipo de aluguel seja &amp#27;[0m&amp#27;[32m&amp#27;[1mcomum&amp#27;[0m             &amp#27;[90m# Locadora.que_o_tipo_de_aluguel_seja_estendido(String)&amp#27;[0m
    &amp#27;[32mQuando &amp#27;[0m&amp#27;[32malugar&amp#27;[0m                                  &amp#27;[90m# Locadora.alugar()&amp#27;[0m
    &amp#27;[32mEntão &amp#27;[0m&amp#27;[32mo preço do aluguel será R$ &amp#27;[0m&amp#27;[32m&amp#27;[1m4&amp#27;[0m             &amp#27;[90m# Locadora.o_preço_do_aluguel_será_R$(int)&amp#27;[0m
    &amp#27;[32mE &amp#27;[0m&amp#27;[32ma data de entrega será em &amp#27;[0m&amp#27;[32m&amp#27;[1m1&amp#27;[0m&amp#27;[32m dia&amp#27;[0m              &amp#27;[90m# Locadora.a_data_de_entrega_será_em_dia(int)&amp#27;[0m
    &amp#27;[32mE &amp#27;[0m&amp#27;[32ma pontuação será de &amp#27;[0m&amp#27;[32m&amp#27;[1m1&amp#27;[0m&amp#27;[32m pontos&amp#27;[0m                 &amp#27;[90m# Locadora.a_pontuação_será_de_pontos(int)&amp#27;[0m
]]></system-out>
  </testcase>
  <testcase name="Condições para locar" classname="Alugar filmes" time="0.026">
    <system-out><![CDATA[
  Esquema do Cenário: Condições para locar         &amp#27;[90m# src/test/resources/Features/LocadoraFilmes.feature:38&amp#27;[0m
    &amp#27;[32mDado &amp#27;[0m&amp#27;[32mque há um filme com estoque de &amp#27;[0m&amp#27;[32m&amp#27;[1m2&amp#27;[0m&amp#27;[32m unidades&amp#27;[0m &amp#27;[90m# Locadora.que_há_um_filme_com_estoque_de_unidades(int)&amp#27;[0m
    &amp#27;[32mE &amp#27;[0m&amp#27;[32mo valor do aluguel é R$ &amp#27;[0m&amp#27;[32m&amp#27;[1m10&amp#27;[0m                   &amp#27;[90m# Locadora.o_valor_do_aluguel_é_R$(int)&amp#27;[0m
    &amp#27;[32mE &amp#27;[0m&amp#27;[32mque o tipo de aluguel seja &amp#27;[0m&amp#27;[32m&amp#27;[1mestendido&amp#27;[0m         &amp#27;[90m# Locadora.que_o_tipo_de_aluguel_seja_estendido(String)&amp#27;[0m
    &amp#27;[32mQuando &amp#27;[0m&amp#27;[32malugar&amp#27;[0m                                  &amp#27;[90m# Locadora.alugar()&amp#27;[0m
    &amp#27;[32mEntão &amp#27;[0m&amp#27;[32mo preço do aluguel será R$ &amp#27;[0m&amp#27;[32m&amp#27;[1m20&amp#27;[0m            &amp#27;[90m# Locadora.o_preço_do_aluguel_será_R$(int)&amp#27;[0m
    &amp#27;[32mE &amp#27;[0m&amp#27;[32ma data de entrega será em &amp#27;[0m&amp#27;[32m&amp#27;[1m3&amp#27;[0m&amp#27;[32m dia&amp#27;[0m              &amp#27;[90m# Locadora.a_data_de_entrega_será_em_dia(int)&amp#27;[0m
    &amp#27;[32mE &amp#27;[0m&amp#27;[32ma pontuação será de &amp#27;[0m&amp#27;[32m&amp#27;[1m2&amp#27;[0m&amp#27;[32m pontos&amp#27;[0m                 &amp#27;[90m# Locadora.a_pontuação_será_de_pontos(int)&amp#27;[0m
]]></system-out>
  </testcase>
  <testcase name="Condições para locar" classname="Alugar filmes" time="0.021">
    <system-out><![CDATA[
  Esquema do Cenário: Condições para locar         &amp#27;[90m# src/test/resources/Features/LocadoraFilmes.feature:39&amp#27;[0m
    &amp#27;[32mDado &amp#27;[0m&amp#27;[32mque há um filme com estoque de &amp#27;[0m&amp#27;[32m&amp#27;[1m2&amp#27;[0m&amp#27;[32m unidades&amp#27;[0m &amp#27;[90m# Locadora.que_há_um_filme_com_estoque_de_unidades(int)&amp#27;[0m
    &amp#27;[32mE &amp#27;[0m&amp#27;[32mo valor do aluguel é R$ &amp#27;[0m&amp#27;[32m&amp#27;[1m5&amp#27;[0m                    &amp#27;[90m# Locadora.o_valor_do_aluguel_é_R$(int)&amp#27;[0m
    &amp#27;[32mE &amp#27;[0m&amp#27;[32mque o tipo de aluguel seja &amp#27;[0m&amp#27;[32m&amp#27;[1msemanal&amp#27;[0m           &amp#27;[90m# Locadora.que_o_tipo_de_aluguel_seja_estendido(String)&amp#27;[0m
    &amp#27;[32mQuando &amp#27;[0m&amp#27;[32malugar&amp#27;[0m                                  &amp#27;[90m# Locadora.alugar()&amp#27;[0m
    &amp#27;[32mEntão &amp#27;[0m&amp#27;[32mo preço do aluguel será R$ &amp#27;[0m&amp#27;[32m&amp#27;[1m15&amp#27;[0m            &amp#27;[90m# Locadora.o_preço_do_aluguel_será_R$(int)&amp#27;[0m
    &amp#27;[32mE &amp#27;[0m&amp#27;[32ma data de entrega será em &amp#27;[0m&amp#27;[32m&amp#27;[1m7&amp#27;[0m&amp#27;[32m dia&amp#27;[0m              &amp#27;[90m# Locadora.a_data_de_entrega_será_em_dia(int)&amp#27;[0m
    &amp#27;[32mE &amp#27;[0m&amp#27;[32ma pontuação será de &amp#27;[0m&amp#27;[32m&amp#27;[1m3&amp#27;[0m&amp#27;[32m pontos&amp#27;[0m                 &amp#27;[90m# Locadora.a_pontuação_será_de_pontos(int)&amp#27;[0m
]]></system-out>
  </testcase>
  <testcase name="Condições para locar" classname="Alugar filmes" time="0.008">
    <system-out><![CDATA[
  Esquema do Cenário: Condições para locar         &amp#27;[90m# src/test/resources/Features/LocadoraFilmes.feature:40&amp#27;[0m
    &amp#27;[32mDado &amp#27;[0m&amp#27;[32mque há um filme com estoque de &amp#27;[0m&amp#27;[32m&amp#27;[1m2&amp#27;[0m&amp#27;[32m unidades&amp#27;[0m &amp#27;[90m# Locadora.que_há_um_filme_com_estoque_de_unidades(int)&amp#27;[0m
    &amp#27;[32mE &amp#27;[0m&amp#27;[32mo valor do aluguel é R$ &amp#27;[0m&amp#27;[32m&amp#27;[1m8&amp#27;[0m                    &amp#27;[90m# Locadora.o_valor_do_aluguel_é_R$(int)&amp#27;[0m
    &amp#27;[32mE &amp#27;[0m&amp#27;[32mque o tipo de aluguel seja &amp#27;[0m&amp#27;[32m&amp#27;[1mestendido&amp#27;[0m         &amp#27;[90m# Locadora.que_o_tipo_de_aluguel_seja_estendido(String)&amp#27;[0m
    &amp#27;[32mQuando &amp#27;[0m&amp#27;[32malugar&amp#27;[0m                                  &amp#27;[90m# Locadora.alugar()&amp#27;[0m
    &amp#27;[32mEntão &amp#27;[0m&amp#27;[32mo preço do aluguel será R$ &amp#27;[0m&amp#27;[32m&amp#27;[1m16&amp#27;[0m            &amp#27;[90m# Locadora.o_preço_do_aluguel_será_R$(int)&amp#27;[0m
    &amp#27;[32mE &amp#27;[0m&amp#27;[32ma data de entrega será em &amp#27;[0m&amp#27;[32m&amp#27;[1m3&amp#27;[0m&amp#27;[32m dia&amp#27;[0m              &amp#27;[90m# Locadora.a_data_de_entrega_será_em_dia(int)&amp#27;[0m
    &amp#27;[32mE &amp#27;[0m&amp#27;[32ma pontuação será de &amp#27;[0m&amp#27;[32m&amp#27;[1m2&amp#27;[0m&amp#27;[32m pontos&amp#27;[0m                 &amp#27;[90m# Locadora.a_pontuação_será_de_pontos(int)&amp#27;[0m
]]></system-out>
  </testcase>
  <testcase name="Condições para locar" classname="Alugar filmes" time="0.02">
    <system-out><![CDATA[
  Esquema do Cenário: Condições para locar         &amp#27;[90m# src/test/resources/Features/LocadoraFilmes.feature:41&amp#27;[0m
    &amp#27;[32mDado &amp#27;[0m&amp#27;[32mque há um filme com estoque de &amp#27;[0m&amp#27;[32m&amp#27;[1m2&amp#27;[0m&amp#27;[32m unidades&amp#27;[0m &amp#27;[90m# Locadora.que_há_um_filme_com_estoque_de_unidades(int)&amp#27;[0m
    &amp#27;[32mE &amp#27;[0m&amp#27;[32mo valor do aluguel é R$ &amp#27;[0m&amp#27;[32m&amp#27;[1m18&amp#27;[0m                   &amp#27;[90m# Locadora.o_valor_do_aluguel_é_R$(int)&amp#27;[0m
    &amp#27;[32mE &amp#27;[0m&amp#27;[32mque o tipo de aluguel seja &amp#27;[0m&amp#27;[32m&amp#27;[1msemanal&amp#27;[0m           &amp#27;[90m# Locadora.que_o_tipo_de_aluguel_seja_estendido(String)&amp#27;[0m
    &amp#27;[32mQuando &amp#27;[0m&amp#27;[32malugar&amp#27;[0m                                  &amp#27;[90m# Locadora.alugar()&amp#27;[0m
    &amp#27;[32mEntão &amp#27;[0m&amp#27;[32mo preço do aluguel será R$ &amp#27;[0m&amp#27;[32m&amp#27;[1m54&amp#27;[0m            &amp#27;[90m# Locadora.o_preço_do_aluguel_será_R$(int)&amp#27;[0m
    &amp#27;[32mE &amp#27;[0m&amp#27;[32ma data de entrega será em &amp#27;[0m&amp#27;[32m&amp#27;[1m7&amp#27;[0m&amp#27;[32m dia&amp#27;[0m              &amp#27;[90m# Locadora.a_data_de_entrega_será_em_dia(int)&amp#27;[0m
    &amp#27;[32mE &amp#27;[0m&amp#27;[32ma pontuação será de &amp#27;[0m&amp#27;[32m&amp#27;[1m3&amp#27;[0m&amp#27;[32m pontos&amp#27;[0m                 &amp#27;[90m# Locadora.a_pontuação_será_de_pontos(int)&amp#27;[0m
]]></system-out>
  </testcase>
  <testcase name="Condições para locar" classname="Alugar filmes" time="0.014">
    <system-out><![CDATA[
  Esquema do Cenário: Condições para locar         &amp#27;[90m# src/test/resources/Features/LocadoraFilmes.feature:42&amp#27;[0m
    &amp#27;[32mDado &amp#27;[0m&amp#27;[32mque há um filme com estoque de &amp#27;[0m&amp#27;[32m&amp#27;[1m2&amp#27;[0m&amp#27;[32m unidades&amp#27;[0m &amp#27;[90m# Locadora.que_há_um_filme_com_estoque_de_unidades(int)&amp#27;[0m
    &amp#27;[32mE &amp#27;[0m&amp#27;[32mo valor do aluguel é R$ &amp#27;[0m&amp#27;[32m&amp#27;[1m20&amp#27;[0m                   &amp#27;[90m# Locadora.o_valor_do_aluguel_é_R$(int)&amp#27;[0m
    &amp#27;[32mE &amp#27;[0m&amp#27;[32mque o tipo de aluguel seja &amp#27;[0m&amp#27;[32m&amp#27;[1mcomum&amp#27;[0m             &amp#27;[90m# Locadora.que_o_tipo_de_aluguel_seja_estendido(String)&amp#27;[0m
    &amp#27;[32mQuando &amp#27;[0m&amp#27;[32malugar&amp#27;[0m                                  &amp#27;[90m# Locadora.alugar()&amp#27;[0m
    &amp#27;[32mEntão &amp#27;[0m&amp#27;[32mo preço do aluguel será R$ &amp#27;[0m&amp#27;[32m&amp#27;[1m20&amp#27;[0m            &amp#27;[90m# Locadora.o_preço_do_aluguel_será_R$(int)&amp#27;[0m
    &amp#27;[32mE &amp#27;[0m&amp#27;[32ma data de entrega será em &amp#27;[0m&amp#27;[32m&amp#27;[1m1&amp#27;[0m&amp#27;[32m dia&amp#27;[0m              &amp#27;[90m# Locadora.a_data_de_entrega_será_em_dia(int)&amp#27;[0m
    &amp#27;[32mE &amp#27;[0m&amp#27;[32ma pontuação será de &amp#27;[0m&amp#27;[32m&amp#27;[1m1&amp#27;[0m&amp#27;[32m pontos&amp#27;[0m                 &amp#27;[90m# Locadora.a_pontuação_será_de_pontos(int)&amp#27;[0m
]]></system-out>
  </testcase>
</testsuite>